#
# There is insufficient memory for the Java Runtime Environment to continue.
# Native memory allocation (malloc) failed to allocate 1219856 bytes for Chunk::new
# Possible reasons:
#   The system is out of physical RAM or swap space
#   The process is running with CompressedOops enabled, and the Java Heap may be blocking the growth of the native heap
# Possible solutions:
#   Reduce memory load on the system
#   Increase physical memory or swap space
#   Check if swap backing store is full
#   Decrease Java heap size (-Xmx/-Xms)
#   Decrease number of Java threads
#   Decrease Java thread stack sizes (-Xss)
#   Set larger code cache with -XX:ReservedCodeCacheSize=
#   JVM is running with Unscaled Compressed Oops mode in which the Java heap is
#     placed in the first 4GB address space. The Java Heap base address is the
#     maximum limit for the native heap growth. Please use -XX:HeapBaseMinAddress
#     to set the Java Heap base and to place the Java Heap above 4GB virtual address.
# This output file may be truncated or incomplete.
#
#  Out of Memory Error (allocation.cpp:389), pid=10664, tid=0x0000000000002e4c
#
# JRE version: OpenJDK Runtime Environment (8.0_242-b01) (build 1.8.0_242-release-1644-b01)
# Java VM: OpenJDK 64-Bit Server VM (25.242-b01 mixed mode windows-amd64 compressed oops)
# Failed to write core dump. Minidumps are not enabled by default on client versions of Windows
#

---------------  T H R E A D  ---------------

Current thread (0x0000000017a4b000):  JavaThread "C2 CompilerThread1" daemon [_thread_in_native, id=11852, stack(0x0000000019900000,0x0000000019a00000)]

Stack: [0x0000000019900000,0x0000000019a00000]
[error occurred during error reporting (printing stack bounds), id 0xc0000005]

Native frames: (J=compiled Java code, j=interpreted, Vv=VM code, C=native code)


Current CompileTask:
C2: 133265 15214 %     4       com.android.tools.r8.ir.regalloc.a::a @ 2154 (3992 bytes)


---------------  P R O C E S S  ---------------

Java Threads: ( => current thread )
  0x0000000021ab2000 JavaThread "stdout" [_thread_in_native, id=22924, stack(0x000000002c790000,0x000000002c890000)]
  0x0000000021ab7000 JavaThread "stderr" [_thread_in_native, id=19096, stack(0x000000002c690000,0x000000002c790000)]
  0x000000001b378000 JavaThread "stdout" [_thread_in_native, id=17544, stack(0x000000002c590000,0x000000002c690000)]
  0x000000001b377000 JavaThread "stderr" [_thread_in_native, id=16496, stack(0x000000002c490000,0x000000002c590000)]
  0x000000001b376800 JavaThread "stdout" [_thread_in_native, id=24068, stack(0x000000002c390000,0x000000002c490000)]
  0x000000001b375000 JavaThread "stdout" [_thread_in_native, id=14124, stack(0x000000002c290000,0x000000002c390000)]
  0x000000001b374000 JavaThread "stderr" [_thread_in_native, id=13928, stack(0x000000002c190000,0x000000002c290000)]
  0x000000001b373800 JavaThread "stderr" [_thread_in_native, id=19136, stack(0x000000002bd80000,0x000000002be80000)]
  0x000000001b375800 JavaThread "pool-2-thread-1" [_thread_blocked, id=16804, stack(0x000000002ac30000,0x000000002ad30000)]
  0x000000001b36c000 JavaThread "WorkerExecutor Queue Thread 4" [_thread_blocked, id=23344, stack(0x000000002c090000,0x000000002c190000)]
  0x000000001b372800 JavaThread "WorkerExecutor Queue Thread 3" [_thread_blocked, id=13024, stack(0x000000002bf90000,0x000000002c090000)]
  0x000000001b372000 JavaThread "WorkerExecutor Queue Thread 2" [_thread_blocked, id=3824, stack(0x000000002be90000,0x000000002bf90000)]
  0x000000001b371000 JavaThread "WorkerExecutor Queue" [_thread_blocked, id=7432, stack(0x000000001dc60000,0x000000001dd60000)]
  0x000000001b36a800 JavaThread "Cache worker for execution history cache (D:\Personal\Study\Pwr\Sem2\MMS\InventoryManagementApp\InventoryManagementApp\.gradle\6.5\executionHistory)" [_thread_blocked, id=14732, stack(0x000000002a930000,0x000000002aa30000)]
  0x000000001b36e000 JavaThread "Execution worker for ':' Thread 3" [_thread_in_Java, id=3708, stack(0x000000002a830000,0x000000002a930000)]
  0x000000001b36d800 JavaThread "Execution worker for ':' Thread 2" [_thread_blocked, id=4952, stack(0x000000002a730000,0x000000002a830000)]
  0x000000001b36f000 JavaThread "Execution worker for ':'" [_thread_blocked, id=2352, stack(0x000000002a630000,0x000000002a730000)]
  0x000000001c378800 JavaThread "Cache worker for file content cache (D:\Personal\Study\Pwr\Sem2\MMS\InventoryManagementApp\InventoryManagementApp\.gradle\6.5\fileContent)" [_thread_blocked, id=13032, stack(0x000000002a130000,0x000000002a230000)]
  0x000000001c378000 JavaThread "Memory manager" [_thread_blocked, id=7320, stack(0x000000002a030000,0x000000002a130000)]
  0x000000001c37e800 JavaThread "Cache worker for Build Output Cleanup Cache (D:\Personal\Study\Pwr\Sem2\MMS\InventoryManagementApp\InventoryManagementApp\.gradle\buildOutputCleanup)" [_thread_blocked, id=22436, stack(0x0000000028f30000,0x0000000029030000)]
  0x0000000019ff8000 JavaThread "Build operations Thread 4" [_thread_in_Java, id=10948, stack(0x0000000023030000,0x0000000023130000)]
  0x0000000019ff7000 JavaThread "Build operations Thread 3" [_thread_blocked, id=21908, stack(0x0000000022f30000,0x0000000023030000)]
  0x0000000019ff0800 JavaThread "Build operations Thread 2" [_thread_blocked, id=15380, stack(0x0000000022e30000,0x0000000022f30000)]
  0x0000000019ff5000 JavaThread "Build operations" [_thread_blocked, id=23868, stack(0x0000000022d30000,0x0000000022e30000)]
  0x000000001a25e800 JavaThread "Cache worker for file content cache (C:\Users\Yash\.gradle\caches\6.5\fileContent)" [_thread_blocked, id=22552, stack(0x0000000022630000,0x0000000022730000)]
  0x000000001a25d000 JavaThread "Cache worker for execution history cache (C:\Users\Yash\.gradle\caches\6.5\executionHistory)" [_thread_blocked, id=24484, stack(0x0000000021e30000,0x0000000021f30000)]
  0x000000001a25f800 JavaThread "Cache worker for cache directory md-rule (C:\Users\Yash\.gradle\caches\6.5\md-rule)" [_thread_blocked, id=16188, stack(0x0000000021d30000,0x0000000021e30000)]
  0x000000001a25e000 JavaThread "Cache worker for cache directory md-supplier (C:\Users\Yash\.gradle\caches\6.5\md-supplier)" [_thread_blocked, id=16020, stack(0x0000000020c00000,0x0000000020d00000)]
  0x000000001a25c800 JavaThread "Cache worker for checksums cache (D:\Personal\Study\Pwr\Sem2\MMS\InventoryManagementApp\InventoryManagementApp\.gradle\checksums)" [_thread_blocked, id=17276, stack(0x0000000020b00000,0x0000000020c00000)]
  0x000000001a25b800 JavaThread "Cache worker for file hash cache (D:\Personal\Study\Pwr\Sem2\MMS\InventoryManagementApp\InventoryManagementApp\.gradle\6.5\fileHashes)" [_thread_blocked, id=14468, stack(0x0000000020800000,0x0000000020900000)]
  0x000000001a25b000 JavaThread "Cache worker for file hash cache (C:\Users\Yash\.gradle\caches\6.5\fileHashes)" [_thread_blocked, id=23420, stack(0x000000001e360000,0x000000001e460000)]
  0x000000001a25a000 JavaThread "File lock request listener" [_thread_in_native, id=12760, stack(0x000000001e260000,0x000000001e360000)]
  0x000000001a2c9800 JavaThread "Cache worker for journal cache (C:\Users\Yash\.gradle\caches\journal-1)" [_thread_blocked, id=22960, stack(0x000000001e160000,0x000000001e260000)]
  0x0000000019f2e000 JavaThread "Thread-9" [_thread_blocked, id=23596, stack(0x000000001de60000,0x000000001df60000)]
  0x0000000019f2a800 JavaThread "Asynchronous log dispatcher for DefaultDaemonConnection: socket connection from /127.0.0.1:51230 to /127.0.0.1:51231" [_thread_blocked, id=72, stack(0x000000001db60000,0x000000001dc60000)]
  0x000000001a4ab000 JavaThread "Daemon worker" [_thread_blocked, id=15384, stack(0x000000001da60000,0x000000001db60000)]
  0x000000001a4d6000 JavaThread "Cancel handler" [_thread_blocked, id=480, stack(0x000000001d960000,0x000000001da60000)]
  0x000000001a1ff000 JavaThread "Handler for socket connection from /127.0.0.1:51230 to /127.0.0.1:51231" [_thread_in_native, id=13216, stack(0x000000001d860000,0x000000001d960000)]
  0x000000001bd99800 JavaThread "Daemon" [_thread_blocked, id=17392, stack(0x000000001d760000,0x000000001d860000)]
  0x000000001bd4a000 JavaThread "Daemon periodic checks" [_thread_blocked, id=15420, stack(0x000000001d460000,0x000000001d560000)]
  0x000000001bd49000 JavaThread "Incoming local TCP Connector on port 51230" [_thread_in_native, id=10688, stack(0x000000001d220000,0x000000001d320000)]
  0x000000001bc80000 JavaThread "Daemon health stats" [_thread_blocked, id=22384, stack(0x000000001cbe0000,0x000000001cce0000)]
  0x0000000019e79000 JavaThread "Service Thread" daemon [_thread_blocked, id=13664, stack(0x0000000019b00000,0x0000000019c00000)]
  0x0000000017a6b000 JavaThread "C1 CompilerThread2" daemon [_thread_blocked, id=21724, stack(0x0000000019a00000,0x0000000019b00000)]
=>0x0000000017a4b000 JavaThread "C2 CompilerThread1" daemon [_thread_in_native, id=11852, stack(0x0000000019900000,0x0000000019a00000)]
  0x0000000017a47800 JavaThread "C2 CompilerThread0" daemon [_thread_in_native, id=7456, stack(0x0000000019800000,0x0000000019900000)]
  0x0000000017a44000 JavaThread "Attach Listener" daemon [_thread_blocked, id=18500, stack(0x0000000019700000,0x0000000019800000)]
  0x0000000017a43000 JavaThread "Signal Dispatcher" daemon [_thread_blocked, id=17940, stack(0x0000000019600000,0x0000000019700000)]
  0x0000000002e1e000 JavaThread "Finalizer" daemon [_thread_blocked, id=13232, stack(0x0000000018cb0000,0x0000000018db0000)]
  0x0000000017a29000 JavaThread "Reference Handler" daemon [_thread_blocked, id=7756, stack(0x0000000018bb0000,0x0000000018cb0000)]
  0x0000000002c1d800 JavaThread "main" [_thread_blocked, id=16032, stack(0x0000000002c20000,0x0000000002d20000)]

Other Threads:
  0x0000000002e0e000 VMThread [stack: 0x0000000018ab0000,0x0000000018bb0000] [id=16488]
  0x0000000017a9d800 WatcherThread [stack: 0x0000000019c00000,0x0000000019d00000] [id=8256]

VM state:not at safepoint (normal execution)

VM Mutex/Monitor currently owned by a thread: None

heap address: 0x0000000080000000, size: 2048 MB, Compressed Oops mode: 32-bit
Narrow klass base: 0x0000000000000000, Narrow klass shift: 3
Compressed class space size: 1073741824 Address: 0x0000000100000000

Heap:
 PSYoungGen      total 662016K, used 623744K [0x00000000d5580000, 0x00000000ffb80000, 0x0000000100000000)
  eden space 635904K, 96% used [0x00000000d5580000,0x00000000fae60148,0x00000000fc280000)
  from space 26112K, 32% used [0x00000000fe200000,0x00000000fea40000,0x00000000ffb80000)
  to   space 29184K, 0% used [0x00000000fc280000,0x00000000fc280000,0x00000000fdf00000)
 ParOldGen       total 201216K, used 105649K [0x0000000080000000, 0x000000008c480000, 0x00000000d5580000)
  object space 201216K, 52% used [0x0000000080000000,0x000000008672c748,0x000000008c480000)
 Metaspace       used 77433K, capacity 81532K, committed 82968K, reserved 1120256K
  class space    used 10436K, capacity 11205K, committed 11568K, reserved 1048576K

Card table byte_map: [0x00000000121e0000,0x00000000125f0000] byte_map_base: 0x0000000011de0000

Marking Bits: (ParMarkBitMap*) 0x000000005608f030
 Begin Bits: [0x0000000012ca0000, 0x0000000014ca0000)
 End Bits:   [0x0000000014ca0000, 0x0000000016ca0000)

Polling page: 0x0000000000d00000

CodeCache: size=245760Kb used=47402Kb max_used=47435Kb free=198357Kb
 bounds [0x0000000002e20000, 0x0000000005ce0000, 0x0000000011e20000]
 total_blobs=13489 nmethods=12672 adapters=727
 compilation: enabled

Compilation events (10 events):
Event: 132.753 Thread 0x0000000017a6b000 15218       2       com.android.tools.r8.s.b.o::d0 (105 bytes)
Event: 132.753 Thread 0x0000000017a6b000 nmethod 15218 0x0000000004b36190 code [0x0000000004b36320, 0x0000000004b36548]
Event: 132.835 Thread 0x0000000017a6b000 15219       2       com.android.tools.r8.s.b.e1::a (11 bytes)
Event: 132.836 Thread 0x0000000017a6b000 nmethod 15219 0x0000000004819650 code [0x00000000048197c0, 0x0000000004819970]
Event: 132.879 Thread 0x0000000017a6b000 15221       1       com.android.tools.r8.s.b.p1::N2 (2 bytes)
Event: 132.879 Thread 0x0000000017a6b000 nmethod 15221 0x00000000050ef010 code [0x00000000050ef160, 0x00000000050ef270]
Event: 133.036 Thread 0x0000000017a4b000 nmethod 15194 0x0000000005cbd490 code [0x0000000005cbe0a0, 0x0000000005cc57e0]
Event: 133.037 Thread 0x0000000017a4b000 15214 %     4       com.android.tools.r8.ir.regalloc.a::a @ 2154 (3992 bytes)
Event: 133.221 Thread 0x0000000017a6b000 15224       2       com.android.tools.r8.ir.conversion.K::a (33 bytes)
Event: 133.221 Thread 0x0000000017a6b000 nmethod 15224 0x0000000004d56b90 code [0x0000000004d56d20, 0x0000000004d56fb8]

GC Heap History (10 events):
Event: 122.044 GC heap before
{Heap before GC invocations=34 (full 3):
 PSYoungGen      total 602624K, used 595870K [0x00000000d5580000, 0x00000000fbb00000, 0x0000000100000000)
  eden space 585216K, 100% used [0x00000000d5580000,0x00000000f9100000,0x00000000f9100000)
  from space 17408K, 61% used [0x00000000faa00000,0x00000000fb467b48,0x00000000fbb00000)
  to   space 21504K, 0% used [0x00000000f9100000,0x00000000f9100000,0x00000000fa600000)
 ParOldGen       total 139776K, used 126217K [0x0000000080000000, 0x0000000088880000, 0x00000000d5580000)
  object space 139776K, 90% used [0x0000000080000000,0x0000000087b424f8,0x0000000088880000)
 Metaspace       used 77879K, capacity 82754K, committed 82968K, reserved 1120256K
  class space    used 10595K, capacity 11458K, committed 11568K, reserved 1048576K
Event: 122.054 GC heap after
Heap after GC invocations=34 (full 3):
 PSYoungGen      total 606720K, used 1628K [0x00000000d5580000, 0x0000000100000000, 0x0000000100000000)
  eden space 585216K, 0% used [0x00000000d5580000,0x00000000d5580000,0x00000000f9100000)
  from space 21504K, 7% used [0x00000000f9100000,0x00000000f92972a0,0x00000000fa600000)
  to   space 20992K, 0% used [0x00000000feb80000,0x00000000feb80000,0x0000000100000000)
 ParOldGen       total 139776K, used 128137K [0x0000000080000000, 0x0000000088880000, 0x00000000d5580000)
  object space 139776K, 91% used [0x0000000080000000,0x0000000087d22590,0x0000000088880000)
 Metaspace       used 77879K, capacity 82754K, committed 82968K, reserved 1120256K
  class space    used 10595K, capacity 11458K, committed 11568K, reserved 1048576K
}
Event: 122.054 GC heap before
{Heap before GC invocations=35 (full 4):
 PSYoungGen      total 606720K, used 1628K [0x00000000d5580000, 0x0000000100000000, 0x0000000100000000)
  eden space 585216K, 0% used [0x00000000d5580000,0x00000000d5580000,0x00000000f9100000)
  from space 21504K, 7% used [0x00000000f9100000,0x00000000f92972a0,0x00000000fa600000)
  to   space 20992K, 0% used [0x00000000feb80000,0x00000000feb80000,0x0000000100000000)
 ParOldGen       total 139776K, used 128137K [0x0000000080000000, 0x0000000088880000, 0x00000000d5580000)
  object space 139776K, 91% used [0x0000000080000000,0x0000000087d22590,0x0000000088880000)
 Metaspace       used 77879K, capacity 82754K, committed 82968K, reserved 1120256K
  class space    used 10595K, capacity 11458K, committed 11568K, reserved 1048576K
Event: 122.232 GC heap after
Heap after GC invocations=35 (full 4):
 PSYoungGen      total 606720K, used 0K [0x00000000d5580000, 0x0000000100000000, 0x0000000100000000)
  eden space 585216K, 0% used [0x00000000d5580000,0x00000000d5580000,0x00000000f9100000)
  from space 21504K, 0% used [0x00000000f9100000,0x00000000f9100000,0x00000000fa600000)
  to   space 20992K, 0% used [0x00000000feb80000,0x00000000feb80000,0x0000000100000000)
 ParOldGen       total 201216K, used 56636K [0x0000000080000000, 0x000000008c480000, 0x00000000d5580000)
  object space 201216K, 28% used [0x0000000080000000,0x000000008374f020,0x000000008c480000)
 Metaspace       used 77397K, capacity 81460K, committed 82968K, reserved 1120256K
  class space    used 10430K, capacity 11167K, committed 11568K, reserved 1048576K
}
Event: 125.605 GC heap before
{Heap before GC invocations=36 (full 4):
 PSYoungGen      total 606720K, used 585216K [0x00000000d5580000, 0x0000000100000000, 0x0000000100000000)
  eden space 585216K, 100% used [0x00000000d5580000,0x00000000f9100000,0x00000000f9100000)
  from space 21504K, 0% used [0x00000000f9100000,0x00000000f9100000,0x00000000fa600000)
  to   space 20992K, 0% used [0x00000000feb80000,0x00000000feb80000,0x0000000100000000)
 ParOldGen       total 201216K, used 56636K [0x0000000080000000, 0x000000008c480000, 0x00000000d5580000)
  object space 201216K, 28% used [0x0000000080000000,0x000000008374f020,0x000000008c480000)
 Metaspace       used 77420K, capacity 81478K, committed 82968K, reserved 1120256K
  class space    used 10433K, capacity 11170K, committed 11568K, reserved 1048576K
Event: 125.674 GC heap after
Heap after GC invocations=36 (full 4):
 PSYoungGen      total 655360K, used 20962K [0x00000000d5580000, 0x0000000100000000, 0x0000000100000000)
  eden space 634368K, 0% used [0x00000000d5580000,0x00000000d5580000,0x00000000fc100000)
  from space 20992K, 99% used [0x00000000feb80000,0x00000000ffff8a80,0x0000000100000000)
  to   space 32256K, 0% used [0x00000000fc100000,0x00000000fc100000,0x00000000fe080000)
 ParOldGen       total 201216K, used 77471K [0x0000000080000000, 0x000000008c480000, 0x00000000d5580000)
  object space 201216K, 38% used [0x0000000080000000,0x0000000084ba7c00,0x000000008c480000)
 Metaspace       used 77420K, capacity 81478K, committed 82968K, reserved 1120256K
  class space    used 10433K, capacity 11170K, committed 11568K, reserved 1048576K
}
Event: 127.902 GC heap before
{Heap before GC invocations=37 (full 4):
 PSYoungGen      total 655360K, used 655330K [0x00000000d5580000, 0x0000000100000000, 0x0000000100000000)
  eden space 634368K, 100% used [0x00000000d5580000,0x00000000fc100000,0x00000000fc100000)
  from space 20992K, 99% used [0x00000000feb80000,0x00000000ffff8a80,0x0000000100000000)
  to   space 32256K, 0% used [0x00000000fc100000,0x00000000fc100000,0x00000000fe080000)
 ParOldGen       total 201216K, used 77471K [0x0000000080000000, 0x000000008c480000, 0x00000000d5580000)
  object space 201216K, 38% used [0x0000000080000000,0x0000000084ba7c00,0x000000008c480000)
 Metaspace       used 77430K, capacity 81528K, committed 82968K, reserved 1120256K
  class space    used 10436K, capacity 11205K, committed 11568K, reserved 1048576K
Event: 127.990 GC heap after
Heap after GC invocations=37 (full 4):
 PSYoungGen      total 666624K, used 8640K [0x00000000d5580000, 0x0000000100000000, 0x0000000100000000)
  eden space 634368K, 0% used [0x00000000d5580000,0x00000000d5580000,0x00000000fc100000)
  from space 32256K, 26% used [0x00000000fc100000,0x00000000fc970000,0x00000000fe080000)
  to   space 30720K, 0% used [0x00000000fe200000,0x00000000fe200000,0x0000000100000000)
 ParOldGen       total 201216K, used 97900K [0x0000000080000000, 0x000000008c480000, 0x00000000d5580000)
  object space 201216K, 48% used [0x0000000080000000,0x0000000085f9b1f8,0x000000008c480000)
 Metaspace       used 77430K, capacity 81528K, committed 82968K, reserved 1120256K
  class space    used 10436K, capacity 11205K, committed 11568K, reserved 1048576K
}
Event: 130.614 GC heap before
{Heap before GC invocations=38 (full 4):
 PSYoungGen      total 666624K, used 643008K [0x00000000d5580000, 0x0000000100000000, 0x0000000100000000)
  eden space 634368K, 100% used [0x00000000d5580000,0x00000000fc100000,0x00000000fc100000)
  from space 32256K, 26% used [0x00000000fc100000,0x00000000fc970000,0x00000000fe080000)
  to   space 30720K, 0% used [0x00000000fe200000,0x00000000fe200000,0x0000000100000000)
 ParOldGen       total 201216K, used 97900K [0x0000000080000000, 0x000000008c480000, 0x00000000d5580000)
  object space 201216K, 48% used [0x0000000080000000,0x0000000085f9b1f8,0x000000008c480000)
 Metaspace       used 77432K, capacity 81532K, committed 82968K, reserved 1120256K
  class space    used 10436K, capacity 11205K, committed 11568K, reserved 1048576K
Event: 130.685 GC heap after
Heap after GC invocations=38 (full 4):
 PSYoungGen      total 662016K, used 8448K [0x00000000d5580000, 0x00000000ffb80000, 0x0000000100000000)
  eden space 635904K, 0% used [0x00000000d5580000,0x00000000d5580000,0x00000000fc280000)
  from space 26112K, 32% used [0x00000000fe200000,0x00000000fea40000,0x00000000ffb80000)
  to   space 29184K, 0% used [0x00000000fc280000,0x00000000fc280000,0x00000000fdf00000)
 ParOldGen       total 201216K, used 105649K [0x0000000080000000, 0x000000008c480000, 0x00000000d5580000)
  object space 201216K, 52% used [0x0000000080000000,0x000000008672c748,0x000000008c480000)
 Metaspace       used 77432K, capacity 81532K, committed 82968K, reserved 1120256K
  class space    used 10436K, capacity 11205K, committed 11568K, reserved 1048576K
}

Deoptimization events (10 events):
Event: 129.048 Thread 0x0000000019ff8000 Uncommon trap: reason=unstable_if action=reinterpret pc=0x000000000571b15c method=com.android.tools.r8.s.b.q1.a(Lcom/android/tools/r8/graph/f;Lcom/android/tools/r8/s/b/X;Ljava/util/function/Predicate;Ljava/util/Set;)Z @ 184
Event: 129.795 Thread 0x000000001b36e000 Uncommon trap: reason=unstable_if action=reinterpret pc=0x0000000005af7cc8 method=com.android.tools.r8.t.a.a.a.f.X$e.contains(Ljava/lang/Object;)Z @ 144
Event: 129.795 Thread 0x000000001b36e000 Uncommon trap: reason=unstable_if action=reinterpret pc=0x000000000547f844 method=com.android.tools.r8.t.a.a.a.f.X$e.contains(Ljava/lang/Object;)Z @ 144
Event: 130.698 Thread 0x000000001b36e000 Uncommon trap: reason=unstable_if action=reinterpret pc=0x0000000004dc31fc method=com.android.tools.r8.ir.regalloc.a.a(Lcom/android/tools/r8/ir/regalloc/a$a;Z)Lcom/android/tools/r8/ir/regalloc/a$a; @ 3123
Event: 130.893 Thread 0x0000000019ff8000 Uncommon trap: reason=unstable_if action=reinterpret pc=0x0000000005184b0c method=com.android.tools.r8.ir.optimize.l.o(Lcom/android/tools/r8/s/b/X;)V @ 177
Event: 131.938 Thread 0x000000001b36e000 Uncommon trap: reason=unstable_if action=reinterpret pc=0x0000000004d3f89c method=com.android.tools.r8.ir.optimize.a0.a(Ljava/util/Map;I)V @ 29
Event: 133.179 Thread 0x0000000019ff8000 Uncommon trap: reason=class_check action=maybe_recompile pc=0x0000000005a7a8a4 method=com.android.tools.r8.s.b.k0.a(Lcom/android/tools/r8/s/b/k0;Lcom/android/tools/r8/ir/regalloc/e;)Z @ 609
Event: 133.179 Thread 0x0000000019ff8000 Uncommon trap: reason=class_check action=maybe_recompile pc=0x0000000005a7a8a4 method=com.android.tools.r8.s.b.k0.a(Lcom/android/tools/r8/s/b/k0;Lcom/android/tools/r8/ir/regalloc/e;)Z @ 609
Event: 133.181 Thread 0x0000000019ff8000 Uncommon trap: reason=class_check action=maybe_recompile pc=0x0000000005a7a8a4 method=com.android.tools.r8.s.b.k0.a(Lcom/android/tools/r8/s/b/k0;Lcom/android/tools/r8/ir/regalloc/e;)Z @ 609
Event: 133.182 Thread 0x0000000019ff8000 Uncommon trap: reason=class_check action=maybe_recompile pc=0x0000000005a7a8a4 method=com.android.tools.r8.s.b.k0.a(Lcom/android/tools/r8/s/b/k0;Lcom/android/tools/r8/ir/regalloc/e;)Z @ 609

Classes redefined (0 events):
No events

Internal exceptions (10 events):
Event: 123.425 Thread 0x0000000019ff5000 Exception <a 'sun/nio/fs/WindowsException'> (0x00000000da7819b0) thrown at [C:\src\AOSP-openjdk-git\hotspot\src\share\vm\prims\jni.cpp, line 710]
Event: 123.593 Thread 0x0000000019ff5000 Exception <a 'sun/nio/fs/WindowsException'> (0x00000000dc4ef740) thrown at [C:\src\AOSP-openjdk-git\hotspot\src\share\vm\prims\jni.cpp, line 710]
Event: 123.750 Thread 0x0000000019ff5000 Exception <a 'sun/nio/fs/WindowsException'> (0x00000000dc52ea58) thrown at [C:\src\AOSP-openjdk-git\hotspot\src\share\vm\prims\jni.cpp, line 710]
Event: 123.755 Thread 0x0000000019ff5000 Exception <a 'sun/nio/fs/WindowsException'> (0x00000000dc5bb8e8) thrown at [C:\src\AOSP-openjdk-git\hotspot\src\share\vm\prims\jni.cpp, line 710]
Event: 123.904 Thread 0x0000000019ff5000 Exception <a 'sun/nio/fs/WindowsException'> (0x00000000ddaa2820) thrown at [C:\src\AOSP-openjdk-git\hotspot\src\share\vm\prims\jni.cpp, line 710]
Event: 123.913 Thread 0x0000000019ff5000 Exception <a 'sun/nio/fs/WindowsException'> (0x00000000ddbc9768) thrown at [C:\src\AOSP-openjdk-git\hotspot\src\share\vm\prims\jni.cpp, line 710]
Event: 124.102 Thread 0x0000000019ff7000 Implicit null exception at 0x00000000054780df to 0x000000000547a129
Event: 124.239 Thread 0x0000000019ff8000 Exception <a 'sun/nio/fs/WindowsException'> (0x00000000e2c70648) thrown at [C:\src\AOSP-openjdk-git\hotspot\src\share\vm\prims\jni.cpp, line 710]
Event: 124.337 Thread 0x000000001b36e000 Exception <a 'sun/nio/fs/WindowsException'> (0x00000000e44a0178) thrown at [C:\src\AOSP-openjdk-git\hotspot\src\share\vm\prims\jni.cpp, line 710]
Event: 127.264 Thread 0x0000000019ff7000 Exception <a 'sun/nio/fs/WindowsException'> (0x00000000f316a5f8) thrown at [C:\src\AOSP-openjdk-git\hotspot\src\share\vm\prims\jni.cpp, line 710]

Events (10 events):
Event: 133.218 Thread 0x0000000019ff8000 DEOPT PACKING pc=0x0000000005917475 sp=0x0000000023129b50
Event: 133.218 Thread 0x0000000019ff8000 DEOPT UNPACKING pc=0x0000000002e675d0 sp=0x0000000023129b98 mode 0
Event: 133.219 Thread 0x000000001b36e000 DEOPT PACKING pc=0x0000000005937095 sp=0x000000002a927150
Event: 133.219 Thread 0x000000001b36e000 DEOPT UNPACKING pc=0x0000000002e675d0 sp=0x000000002a927188 mode 0
Event: 133.237 Thread 0x0000000019ff8000 DEOPT PACKING pc=0x0000000005bf5bad sp=0x0000000023129e20
Event: 133.237 Thread 0x0000000019ff8000 DEOPT UNPACKING pc=0x0000000002e675d0 sp=0x0000000023129d50 mode 0
Event: 133.240 Thread 0x000000001b36e000 DEOPT PACKING pc=0x00000000059174db sp=0x000000002a927160
Event: 133.240 Thread 0x000000001b36e000 DEOPT UNPACKING pc=0x0000000002e675d0 sp=0x000000002a9271a8 mode 0
Event: 133.241 Thread 0x0000000019ff8000 DEOPT PACKING pc=0x000000000593600b sp=0x0000000023129b40
Event: 133.241 Thread 0x0000000019ff8000 DEOPT UNPACKING pc=0x0000000002e675d0 sp=0x0000000023129b80 mode 0


Dynamic libraries:
0x00007ff7369f0000 - 0x00007ff736a21000 	C:\Program Files\Android\Android Studio\jre\bin\java.exe
0x00007ffbba4b0000 - 0x00007ffbba6a5000 	C:\WINDOWS\SYSTEM32\ntdll.dll
0x00007ffbb8b90000 - 0x00007ffbb8c4d000 	C:\WINDOWS\System32\KERNEL32.DLL
0x00007ffbb7c70000 - 0x00007ffbb7f38000 	C:\WINDOWS\System32\KERNELBASE.dll
0x00007ffbb8a30000 - 0x00007ffbb8adc000 	C:\WINDOWS\System32\ADVAPI32.dll
0x00007ffbb9420000 - 0x00007ffbb94be000 	C:\WINDOWS\System32\msvcrt.dll
0x00007ffbba3a0000 - 0x00007ffbba43b000 	C:\WINDOWS\System32\sechost.dll
0x00007ffbba200000 - 0x00007ffbba32b000 	C:\WINDOWS\System32\RPCRT4.dll
0x00007ffbb9fa0000 - 0x00007ffbba140000 	C:\WINDOWS\System32\USER32.dll
0x00007ffbb7c40000 - 0x00007ffbb7c62000 	C:\WINDOWS\System32\win32u.dll
0x00007ffbb95f0000 - 0x00007ffbb961a000 	C:\WINDOWS\System32\GDI32.dll
0x00007ffbb7f70000 - 0x00007ffbb807b000 	C:\WINDOWS\System32\gdi32full.dll
0x00007ffbb80e0000 - 0x00007ffbb817d000 	C:\WINDOWS\System32\msvcp_win.dll
0x00007ffbb8230000 - 0x00007ffbb8330000 	C:\WINDOWS\System32\ucrtbase.dll
0x00007ffb9f010000 - 0x00007ffb9f2aa000 	C:\WINDOWS\WinSxS\amd64_microsoft.windows.common-controls_6595b64144ccf1df_6.0.19041.844_none_ca00b6081b84eb1d\COMCTL32.dll
0x00007ffbba440000 - 0x00007ffbba470000 	C:\WINDOWS\System32\IMM32.DLL
0x00007ffb99250000 - 0x00007ffb99534000 	C:\WINDOWS\pcdrm\NSCCOR0364.DLL
0x00007ffbb94c0000 - 0x00007ffbb95ea000 	C:\WINDOWS\System32\ole32.dll
0x00007ffbb90c0000 - 0x00007ffbb9415000 	C:\WINDOWS\System32\combase.dll
0x00007ffbab910000 - 0x00007ffbab919000 	C:\WINDOWS\SYSTEM32\WSOCK32.dll
0x00007ffbabf00000 - 0x00007ffbabf0a000 	C:\WINDOWS\SYSTEM32\VERSION.dll
0x00007ffbba330000 - 0x00007ffbba39b000 	C:\WINDOWS\System32\WS2_32.dll
0x00007ffbb8730000 - 0x00007ffbb8738000 	C:\WINDOWS\System32\psapi.dll
0x00007ffbb6930000 - 0x00007ffbb6963000 	C:\WINDOWS\SYSTEM32\ntmarta.dll
0x00007ffb9d580000 - 0x00007ffb9d5ae000 	C:\WINDOWS\pcdrm\NBID64.dll
0x00007ffbb88e0000 - 0x00007ffbb89ad000 	C:\WINDOWS\System32\OLEAUT32.dll
0x00007ffb99040000 - 0x00007ffb99079000 	C:\WINDOWS\pcdrm\NFD0164.dll
0x00000000557e0000 - 0x00000000558b2000 	C:\Program Files\Android\Android Studio\jre\jre\bin\msvcr100.dll
0x00000000558c0000 - 0x000000005610b000 	C:\Program Files\Android\Android Studio\jre\jre\bin\server\jvm.dll
0x00007ffbabc00000 - 0x00007ffbabc27000 	C:\WINDOWS\SYSTEM32\WINMM.dll
0x00007ffbb1a90000 - 0x00007ffbb1a9f000 	C:\Program Files\Android\Android Studio\jre\jre\bin\verify.dll
0x00007ffbae1d0000 - 0x00007ffbae1f9000 	C:\Program Files\Android\Android Studio\jre\jre\bin\java.dll
0x00007ffbb02f0000 - 0x00007ffbb0306000 	C:\Program Files\Android\Android Studio\jre\jre\bin\zip.dll
0x0000000018eb0000 - 0x00000000195f2000 	C:\WINDOWS\System32\SHELL32.dll
0x00007ffbb5d10000 - 0x00007ffbb64a1000 	C:\WINDOWS\SYSTEM32\windows.storage.dll
0x00007ffbb7590000 - 0x00007ffbb75bc000 	C:\WINDOWS\SYSTEM32\Wldp.dll
0x00007ffbb9e00000 - 0x00007ffbb9eae000 	C:\WINDOWS\System32\SHCORE.dll
0x0000000002840000 - 0x0000000002895000 	C:\WINDOWS\System32\shlwapi.dll
0x00007ffbb7b30000 - 0x00007ffbb7b4f000 	C:\WINDOWS\SYSTEM32\profapi.dll
0x00007ffbb0100000 - 0x00007ffbb011a000 	C:\Program Files\Android\Android Studio\jre\jre\bin\net.dll
0x00007ffbb7300000 - 0x00007ffbb736a000 	C:\WINDOWS\system32\mswsock.dll
0x00007ffbb0090000 - 0x00007ffbb00a3000 	C:\Program Files\Android\Android Studio\jre\jre\bin\nio.dll
0x00007ffb93260000 - 0x00007ffb93287000 	C:\Users\Yash\.gradle\native\f6784746aeab05261644944871eae4fe03e0ef1612fff0a4a95f87b438bc6780\windows-amd64\native-platform.dll
0x00007ffbb17c0000 - 0x00007ffbb17cd000 	C:\Program Files\Android\Android Studio\jre\jre\bin\management.dll
0x00007ffbb74d0000 - 0x00007ffbb74e8000 	C:\WINDOWS\SYSTEM32\CRYPTSP.dll
0x00007ffbb6ca0000 - 0x00007ffbb6cd4000 	C:\WINDOWS\system32\rsaenh.dll
0x00000000028a0000 - 0x00000000028c7000 	C:\WINDOWS\System32\bcrypt.dll
0x00007ffbb7a80000 - 0x00007ffbb7aae000 	C:\WINDOWS\SYSTEM32\USERENV.dll
0x00007ffbb8330000 - 0x00007ffbb83b0000 	C:\WINDOWS\System32\bcryptprimitives.dll
0x00007ffbb74f0000 - 0x00007ffbb74fc000 	C:\WINDOWS\SYSTEM32\CRYPTBASE.dll
0x00007ffbb6ff0000 - 0x00007ffbb702b000 	C:\WINDOWS\SYSTEM32\IPHLPAPI.DLL
0x00007ffbb8510000 - 0x00007ffbb8518000 	C:\WINDOWS\System32\NSI.dll
0x00007ffbb0f00000 - 0x00007ffbb0f17000 	C:\WINDOWS\SYSTEM32\dhcpcsvc6.DLL
0x00007ffbb0ee0000 - 0x00007ffbb0efd000 	C:\WINDOWS\SYSTEM32\dhcpcsvc.DLL
0x00007ffbb7030000 - 0x00007ffbb70fc000 	C:\WINDOWS\SYSTEM32\DNSAPI.dll
0x00007ffbb0f80000 - 0x00007ffbb0f8b000 	C:\WINDOWS\SYSTEM32\WINNSI.DLL

VM Arguments:
jvm_args: -Xmx2048m -Dfile.encoding=UTF-8 -Duser.country=US -Duser.language=en -Duser.variant 
java_command: org.gradle.launcher.daemon.bootstrap.GradleDaemon 6.5
java_class_path (initial): C:\Users\Yash\.gradle\wrapper\dists\gradle-6.5-all\2oz4ud9k3tuxjg84bbf55q0tn\gradle-6.5\lib\gradle-launcher-6.5.jar
Launcher Type: SUN_STANDARD

Environment Variables:
JAVA_HOME=C:\Program Files\Java\jdk1.8.0_65
PATH=C:\app\Yash\product\18.0.0\dbhomeXE\bin;C:\ProgramData\Oracle\Java\javapath;C:\WINDOWS\system32;C:\WINDOWS;C:\WINDOWS\System32\Wbem;C:\WINDOWS\System32\WindowsPowerShell\v1.0\;C:\Program Files\Java\jdk1.8.0_65\bin;C:\Program Files\Microsoft SQL Server\130\Tools\Binn\;C:\Program Files\dotnet\;C:\Program Files\nodejs\;C:\WINDOWS\System32\OpenSSH\;C:\Android;C:\Windows\System32;C:\Program Files\TortoiseGit\bin;C:\Program Files\Git\cmd;C:\Program Files (x86)\Intel\Intel(R) Management Engine Components\DAL;C:\Program Files\Intel\Intel(R) Management Engine Components\DAL;C:\Users\Yash\AppData\Local\Microsoft\WindowsApps;C:\Users\Yash\AppData\Roaming\npm;
USERNAME=Yash
OS=Windows_NT
PROCESSOR_IDENTIFIER=Intel64 Family 6 Model 142 Stepping 9, GenuineIntel



---------------  S Y S T E M  ---------------

OS: Windows 10.0 , 64 bit Build 19041 (10.0.19041.928)

CPU:total 4 (initial active 4) (2 cores per cpu, 2 threads per core) family 6 model 142 stepping 9, cmov, cx8, fxsr, mmx, sse, sse2, sse3, ssse3, sse4.1, sse4.2, popcnt, avx, avx2, aes, clmul, erms, 3dnowpref, lzcnt, ht, tsc, tscinvbit, bmi1, bmi2, adx

Memory: 4k page, physical 12483708k(1682272k free), swap 18775164k(3544k free)

vm_info: OpenJDK 64-Bit Server VM (25.242-b01) for windows-amd64 JRE (1.8.0_242-release-1644-b01), built by "builder" with MS VC++ 10.0 (VS2010)

time: Wed Apr 28 16:01:03 2021
timezone: Central European Summer Time
elapsed time: 133 seconds (0d 0h 2m 13s)

